[21:31:29] [ServerMain/INFO]: [bootstrap] Running Java 21 (OpenJDK 64-Bit Server VM 21.0.3+9-Ubuntu-1ubuntu122.04.1; Ubuntu null) on Linux 5.15.153.1-microsoft-standard-WSL2 (amd64)
[21:31:29] [ServerMain/INFO]: [bootstrap] Loading Paper 1.21-107-master@aa36ae6 (2024-07-21T10:39:28Z) for Minecraft 1.21
[21:31:30] [ServerMain/INFO]: [PluginInitializerManager] Initializing plugins...
[21:31:30] [ServerMain/INFO]: [PluginInitializerManager] Initialized 0 plugins
[21:31:31] [Paper Plugin Remapper Thread - 0/INFO]: [ReobfServer] Remapping server...
[21:31:35] [ServerMain/INFO]: Environment: Environment[sessionHost=https://sessionserver.mojang.com, servicesHost=https://api.minecraftservices.com, name=PROD]
[21:31:35] [ServerMain/INFO]: Found new data pack file/bukkit, loading it automatically
[21:31:35] [ServerMain/INFO]: Found new data pack paper, loading it automatically
[21:31:36] [ServerMain/INFO]: No existing world data, creating new world
[21:31:36] [ServerMain/INFO]: Loaded 1290 recipes
[21:31:37] [ServerMain/INFO]: Loaded 1399 advancements
[21:31:37] [Server thread/INFO]: Starting minecraft server version 1.21
[21:31:37] [Server thread/INFO]: Loading properties
[21:31:37] [Server thread/INFO]: This server is running Paper version 1.21-107-master@aa36ae6 (2024-07-21T10:39:28Z) (Implementing API version 1.21-R0.1-SNAPSHOT)
[21:31:37] [Paper Plugin Remapper Thread - 0/INFO]: [ReobfServer] Done remapping server in 6494ms.
[21:31:38] [Server thread/INFO]: [spark] This server bundles the spark profiler. For more information please visit https://docs.papermc.io/paper/profiling
[21:31:38] [Server thread/INFO]: Server Ping Player Sample Count: 12
[21:31:38] [Server thread/INFO]: Using 4 threads for Netty based IO
[21:31:38] [Server thread/INFO]: [ChunkTaskScheduler] Chunk system is using 1 I/O threads, 3 worker threads, and population gen parallelism of 3 threads
[21:31:39] [Server thread/INFO]: Default game type: SURVIVAL
[21:31:39] [Server thread/INFO]: Generating keypair
[21:31:39] [Server thread/INFO]: Starting Minecraft server on *:25565
[21:31:39] [Server thread/INFO]: Using epoll channel type
[21:31:39] [Server thread/INFO]: Paper: Using libdeflate (Linux x86_64) compression from Velocity.
[21:31:39] [Server thread/INFO]: Paper: Using OpenSSL 3.0.x (Linux x86_64) cipher from Velocity.
[21:31:39] [Server thread/INFO]: Preparing level "world"
[21:31:44] [Server thread/INFO]: Preparing start region for dimension minecraft:overworld
[21:31:47] [Server thread/INFO]: Time elapsed: 3088 ms
[21:31:47] [Server thread/INFO]: Preparing start region for dimension minecraft:the_nether
[21:31:49] [Server thread/INFO]: Time elapsed: 1068 ms
[21:31:49] [Server thread/INFO]: Preparing start region for dimension minecraft:the_end
[21:31:49] [Server thread/INFO]: Time elapsed: 247 ms
[21:31:49] [Server thread/INFO]: [spark] Starting background profiler...
[21:31:49] [Server thread/INFO]: Done preparing level "world" (10.287s)
[21:31:49] [Server thread/INFO]: Running delayed init tasks
[21:31:49] [Server thread/INFO]: Done (20.965s)! For help, type "help"
[21:31:49] [Server thread/INFO]: *************************************************************************************
[21:31:49] [Server thread/INFO]: This is the first time you're starting this server.
[21:31:49] [Server thread/INFO]: It's recommended you read our 'Getting Started' documentation for guidance.
[21:31:49] [Server thread/INFO]: View this and more helpful information here: https://docs.papermc.io/paper/next-steps
[21:31:49] [Server thread/INFO]: *************************************************************************************
[21:31:49] [Server thread/INFO]: Timings Reset
